#
# There is insufficient memory for the Java Runtime Environment to continue.
# Native memory allocation (mmap) failed to map 266338304 bytes. Error detail: G1 virtual space
# Possible reasons:
#   The system is out of physical RAM or swap space
#   This process is running with CompressedOops enabled, and the Java Heap may be blocking the growth of the native heap
# Possible solutions:
#   Reduce memory load on the system
#   Increase physical memory or swap space
#   Check if swap backing store is full
#   Decrease Java heap size (-Xmx/-Xms)
#   Decrease number of Java threads
#   Decrease Java thread stack sizes (-Xss)
#   Set larger code cache with -XX:ReservedCodeCacheSize=
#   JVM is running with Zero Based Compressed Oops mode in which the Java heap is
#     placed in the first 32GB address space. The Java Heap base address is the
#     maximum limit for the native heap growth. Please use -XX:HeapBaseMinAddress
#     to set the Java Heap base and to place the Java Heap above 32GB virtual address.
# This output file may be truncated or incomplete.
#
#  Out of Memory Error (os_windows.cpp:3703), pid=20204, tid=20116
#
# JRE version:  (23.0+37) (build )
# Java VM: OpenJDK 64-Bit Server VM (23+37, mixed mode, sharing, tiered, compressed oops, compressed class ptrs, g1 gc, windows-amd64)
# No core dump will be written. Minidumps are not enabled by default on client versions of Windows
#

---------------  S U M M A R Y ------------

Command Line: -Dfile.encoding=UTF-8 -Dstdout.encoding=UTF-8 -Dstderr.encoding=UTF-8 -XX:+ShowCodeDetailsInExceptionMessages Lab5.Main Files/output.xml

Host: Intel(R) Core(TM) i5-10210U CPU @ 1.60GHz, 8 cores, 15G,  Windows 11 , 64 bit Build 22621 (10.0.22621.746)
Time: Sun Feb 16 23:28:30 2025 RTZ 2 (s 11 , 64 bit Build 22621 (10.0.22621.746) elapsed time: 0.045514 seconds (0d 0h 0m 0s)

---------------  T H R E A D  ---------------

Current thread (0x00000238d0ae9830):  JavaThread "Unknown thread" [_thread_in_vm, id=20116, stack(0x000000dbc9100000,0x000000dbc9200000) (1024K)]

Stack: [0x000000dbc9100000,0x000000dbc9200000]
Native frames: (J=compiled Java code, j=interpreted, Vv=VM code, C=native code)
V  [jvm.dll+0x6e8c69]  (no source info available)
V  [jvm.dll+0x8d9073]  (no source info available)
V  [jvm.dll+0x8db4fe]  (no source info available)
V  [jvm.dll+0x8dbbd3]  (no source info available)
V  [jvm.dll+0x281aa6]  (no source info available)
V  [jvm.dll+0x6e5565]  (no source info available)
V  [jvm.dll+0x6d957a]  (no source info available)
V  [jvm.dll+0x3625fa]  (no source info available)
V  [jvm.dll+0x36aa26]  (no source info available)
V  [jvm.dll+0x356fce]  (no source info available)
V  [jvm.dll+0x357268]  (no source info available)
V  [jvm.dll+0x32fbfc]  (no source info available)
V  [jvm.dll+0x33089e]  (no source info available)
V  [jvm.dll+0x89f915]  (no source info available)
V  [jvm.dll+0x3bfe88]  (no source info available)
V  [jvm.dll+0x88845c]  (no source info available)
V  [jvm.dll+0x45a16e]  (no source info available)
V  [jvm.dll+0x45bf81]  (no source info available)
C  [jli.dll+0x5278]  (no source info available)
C  [ucrtbase.dll+0x29363]  (no source info available)
C  [KERNEL32.DLL+0x1244d]  (no source info available)
C  [ntdll.dll+0x5dfb8]  (no source info available)

Lock stack of current Java thread (top to bottom):


---------------  P R O C E S S  ---------------

Threads class SMR info:
_java_thread_list=0x00007ffa69ba8ad8, length=0, elements={
}

Java Threads: ( => current thread )
Total: 0

Other Threads:
  0x00000238d0b50310 WorkerThread "GC Thread#0"                     [id=16292, stack(0x000000dbc9200000,0x000000dbc9300000) (1024K)]
  0x00000238d0b659b0 ConcurrentGCThread "G1 Main Marker"            [id=16376, stack(0x000000dbc9300000,0x000000dbc9400000) (1024K)]
  0x00000238d0b66c60 WorkerThread "G1 Conc#0"                       [id=15964, stack(0x000000dbc9400000,0x000000dbc9500000) (1024K)]

[error occurred during error reporting (printing all threads), id 0xc0000005, EXCEPTION_ACCESS_VIOLATION (0xc0000005) at pc=0x00007ffa6928326a]
VM state: not at safepoint (not fully initialized)

VM Mutex/Monitor currently owned by a thread:  ([mutex/lock_event])
[0x00007ffa69c2be70] Heap_lock - owner thread: 0x00000238d0ae9830

Heap address: 0x0000000702c00000, size: 4052 MB, Compressed Oops mode: Zero based, Oop shift amount: 3

CDS archive(s) mapped at: [0x0000000000000000-0x0000000000000000-0x0000000000000000), size 0, SharedBaseAddress: 0x0000000800000000, ArchiveRelocationMode: 1.
Narrow klass base: 0x0000000000000000, Narrow klass shift: 0, Narrow klass range: 0x0

GC Precious Log:
 CardTable entry size: 512
 Card Set container configuration: InlinePtr #cards 4 size 8 Array Of Cards #cards 16 size 48 Howl #buckets 8 coarsen threshold 3686 Howl Bitmap #cards 512 size 80 coarsen threshold 460 Card regions per heap region 1 cards per card region 4096

Heap:
 garbage-first heap   total reserved 4149248K, committed 0K, used 0K [0x0000000702c00000, 0x0000000800000000)
  region size 2048K, 0 young (0K), 0 survivors (0K)

[error occurred during error reporting (printing heap information), id 0xc0000005, EXCEPTION_ACCESS_VIOLATION (0xc0000005) at pc=0x00007ffa696851e9]
GC Heap History (0 events):
No events

Dll operation events (1 events):
Event: 0.008 Loaded shared library C:\Users\HP\.p2\pool\plugins\org.eclipse.justj.openjdk.hotspot.jre.full.win32.x86_64_23.0.0.v20240919-1706\jre\bin\java.dll

Deoptimization events (0 events):
No events

Classes loaded (0 events):
No events

Classes unloaded (0 events):
No events

Classes redefined (0 events):
No events

Internal exceptions (0 events):
No events

VM Operations (0 events):
No events

Memory protections (0 events):
No events

Nmethod flushes (0 events):
No events

Events (0 events):
No events


Dynamic libraries:
0x00007ff76e960000 - 0x00007ff76e96e000 	C:\Users\HP\.p2\pool\plugins\org.eclipse.justj.openjdk.hotspot.jre.full.win32.x86_64_23.0.0.v20240919-1706\jre\bin\javaw.exe
0x00007ffacacf0000 - 0x00007ffacaf04000 	C:\Windows\SYSTEM32\ntdll.dll
0x00007ffac9c40000 - 0x00007ffac9d02000 	C:\Windows\System32\KERNEL32.DLL
0x00007ffac8310000 - 0x00007ffac86ad000 	C:\Windows\System32\KERNELBASE.dll
0x00007ffac86b0000 - 0x00007ffac87c1000 	C:\Windows\System32\ucrtbase.dll
0x00007ffac3e30000 - 0x00007ffac3e47000 	C:\Users\HP\.p2\pool\plugins\org.eclipse.justj.openjdk.hotspot.jre.full.win32.x86_64_23.0.0.v20240919-1706\jre\bin\jli.dll
0x00007ffac31c0000 - 0x00007ffac31db000 	C:\Users\HP\.p2\pool\plugins\org.eclipse.justj.openjdk.hotspot.jre.full.win32.x86_64_23.0.0.v20240919-1706\jre\bin\VCRUNTIME140.dll
0x00007ffac8d70000 - 0x00007ffac8f1a000 	C:\Windows\System32\USER32.dll
0x00007ffac8120000 - 0x00007ffac8146000 	C:\Windows\System32\win32u.dll
0x00007ffab6970000 - 0x00007ffab6bfe000 	C:\Windows\WinSxS\amd64_microsoft.windows.common-controls_6595b64144ccf1df_6.0.22621.436_none_a94247dbc10d8414\COMCTL32.dll
0x00007ffac9d10000 - 0x00007ffac9d39000 	C:\Windows\System32\GDI32.dll
0x00007ffac9d40000 - 0x00007ffac9de7000 	C:\Windows\System32\msvcrt.dll
0x00007ffac8150000 - 0x00007ffac8262000 	C:\Windows\System32\gdi32full.dll
0x00007ffac8270000 - 0x00007ffac830a000 	C:\Windows\System32\msvcp_win.dll
0x00007ffac9920000 - 0x00007ffac9952000 	C:\Windows\System32\IMM32.DLL
0x00007ffac5180000 - 0x00007ffac518c000 	C:\Users\HP\.p2\pool\plugins\org.eclipse.justj.openjdk.hotspot.jre.full.win32.x86_64_23.0.0.v20240919-1706\jre\bin\vcruntime140_1.dll
0x00007ffab4970000 - 0x00007ffab49fe000 	C:\Users\HP\.p2\pool\plugins\org.eclipse.justj.openjdk.hotspot.jre.full.win32.x86_64_23.0.0.v20240919-1706\jre\bin\msvcp140.dll
0x00007ffa68f40000 - 0x00007ffa69d0d000 	C:\Users\HP\.p2\pool\plugins\org.eclipse.justj.openjdk.hotspot.jre.full.win32.x86_64_23.0.0.v20240919-1706\jre\bin\server\jvm.dll
0x00007ffac9870000 - 0x00007ffac991e000 	C:\Windows\System32\ADVAPI32.dll
0x00007ffac9970000 - 0x00007ffac9a14000 	C:\Windows\System32\sechost.dll
0x00007ffac9a20000 - 0x00007ffac9b35000 	C:\Windows\System32\RPCRT4.dll
0x00007ffac9e60000 - 0x00007ffac9ed1000 	C:\Windows\System32\WS2_32.dll
0x00007ffac7f40000 - 0x00007ffac7f8d000 	C:\Windows\SYSTEM32\POWRPROF.dll
0x00007ffac15f0000 - 0x00007ffac15fa000 	C:\Windows\SYSTEM32\VERSION.dll
0x00007ffac1e00000 - 0x00007ffac1e34000 	C:\Windows\SYSTEM32\WINMM.dll
0x00007ffac7e20000 - 0x00007ffac7e33000 	C:\Windows\SYSTEM32\UMPDC.dll
0x00007ffac7190000 - 0x00007ffac71a8000 	C:\Windows\SYSTEM32\kernel.appcore.dll
0x00007ffac1f20000 - 0x00007ffac1f2a000 	C:\Users\HP\.p2\pool\plugins\org.eclipse.justj.openjdk.hotspot.jre.full.win32.x86_64_23.0.0.v20240919-1706\jre\bin\jimage.dll
0x00007ffa91c50000 - 0x00007ffa91e7e000 	C:\Windows\SYSTEM32\DBGHELP.DLL
0x00007ffac9030000 - 0x00007ffac93ba000 	C:\Windows\System32\combase.dll
0x00007ffac9790000 - 0x00007ffac9867000 	C:\Windows\System32\OLEAUT32.dll
0x00007ffa785b0000 - 0x00007ffa785e2000 	C:\Windows\SYSTEM32\dbgcore.DLL
0x00007ffac8900000 - 0x00007ffac897b000 	C:\Windows\System32\bcryptPrimitives.dll
0x00007ffa975e0000 - 0x00007ffa975fe000 	C:\Users\HP\.p2\pool\plugins\org.eclipse.justj.openjdk.hotspot.jre.full.win32.x86_64_23.0.0.v20240919-1706\jre\bin\java.dll
0x00007ffac95d0000 - 0x00007ffac976c000 	C:\Windows\System32\ole32.dll
0x00007ffaca040000 - 0x00007ffaca820000 	C:\Windows\System32\SHELL32.dll

dbghelp: loaded successfully - version: 4.0.5 - missing functions: none
symbol engine: initialized successfully - sym options: 0x614 - pdb path: .;C:\Users\HP\.p2\pool\plugins\org.eclipse.justj.openjdk.hotspot.jre.full.win32.x86_64_23.0.0.v20240919-1706\jre\bin;C:\Windows\SYSTEM32;C:\Windows\WinSxS\amd64_microsoft.windows.common-controls_6595b64144ccf1df_6.0.22621.436_none_a94247dbc10d8414;C:\Users\HP\.p2\pool\plugins\org.eclipse.justj.openjdk.hotspot.jre.full.win32.x86_64_23.0.0.v20240919-1706\jre\bin\server

VM Arguments:
jvm_args: -Dfile.encoding=UTF-8 -Dstdout.encoding=UTF-8 -Dstderr.encoding=UTF-8 -XX:+ShowCodeDetailsInExceptionMessages 
java_command: Lab5.Main Files/output.xml
java_class_path (initial): D:\JavaProjects\Lab5Prog\bin;D:\JavaProjects\Lab5Prog\Lib\jaxb-api-2.3.1.jar;D:\JavaProjects\Lab5Prog\Lib\jaxb-runtime-2.3.1.jar;D:\JavaProjects\Lab5Prog\Lib\jakarta.activation-api-2.1.3.jar;D:\JavaProjects\Lab5Prog\Lib\activation-1.1.1.jar;D:\JavaProjects\Lab5Prog\Lib\jaxb-impl-2.3.3.jar
Launcher Type: SUN_STANDARD

[Global flags]
     intx CICompilerCount                          = 4                                         {product} {ergonomic}
     uint ConcGCThreads                            = 2                                         {product} {ergonomic}
     uint G1ConcRefinementThreads                  = 8                                         {product} {ergonomic}
   size_t G1HeapRegionSize                         = 2097152                                   {product} {ergonomic}
   size_t InitialHeapSize                          = 266338304                                 {product} {ergonomic}
   size_t MarkStackSize                            = 4194304                                   {product} {ergonomic}
   size_t MarkStackSizeMax                         = 536870912                                 {product} {ergonomic}
   size_t MaxHeapSize                              = 4248829952                                {product} {ergonomic}
   size_t MinHeapDeltaBytes                        = 2097152                                   {product} {ergonomic}
   size_t MinHeapSize                              = 8388608                                   {product} {ergonomic}
    uintx NonNMethodCodeHeapSize                   = 5832704                                {pd product} {ergonomic}
    uintx NonProfiledCodeHeapSize                  = 122945536                              {pd product} {ergonomic}
    uintx ProfiledCodeHeapSize                     = 122880000                              {pd product} {ergonomic}
    uintx ReservedCodeCacheSize                    = 251658240                              {pd product} {ergonomic}
     bool SegmentedCodeCache                       = true                                      {product} {ergonomic}
     bool ShowCodeDetailsInExceptionMessages       = true                                   {manageable} {command line}
   size_t SoftMaxHeapSize                          = 4248829952                             {manageable} {ergonomic}
     bool UseCompressedOops                        = true                           {product lp64_product} {ergonomic}
     bool UseG1GC                                  = true                                      {product} {ergonomic}
     bool UseLargePagesIndividualAllocation        = false                                  {pd product} {ergonomic}

Logging:
Log output configuration:
 #0: stdout all=warning uptime,level,tags foldmultilines=false
 #1: stderr all=off uptime,level,tags foldmultilines=false

Environment Variables:
PATH=C:/Users/HP/.p2/pool/plugins/org.eclipse.justj.openjdk.hotspot.jre.full.win32.x86_64_23.0.0.v20240919-1706/jre/bin/server;C:/Users/HP/.p2/pool/plugins/org.eclipse.justj.openjdk.hotspot.jre.full.win32.x86_64_23.0.0.v20240919-1706/jre/bin;C:\Program Files\Common Files\Oracle\Java\javapath;C:\Windows\system32;C:\Windows;C:\Windows\System32\Wbem;C:\Windows\System32\WindowsPowerShell\v1.0\;C:\Windows\System32\OpenSSH\;C:\Program Files (x86)\Windows Kits\10\Windows Performance Toolkit\;C:\Program Files\dotnet\;C:\py\Scripts\;C:\py\;C:\Users\HP\AppData\Local\Programs\Python\Launcher\;C:\Users\HP\AppData\Local\Microsoft\WindowsApps;C:\Users\HP\AppData\Local\Programs\Microsoft VS Code\bin;C:\Users\HP\.dotnet\tools;C:\Windows\system32;
USERNAME=HP
OS=Windows_NT
PROCESSOR_IDENTIFIER=Intel64 Family 6 Model 142 Stepping 12, GenuineIntel
TMP=C:\Users\HP\AppData\Local\Temp
TEMP=C:\Users\HP\AppData\Local\Temp




Periodic native trim disabled

---------------  S Y S T E M  ---------------

OS:
 Windows 11 , 64 bit Build 22621 (10.0.22621.746)
OS uptime: 1 days 10:26 hours

CPU: total 8 (initial active 8) (4 cores per cpu, 2 threads per core) family 6 model 142 stepping 12 microcode 0xf8, cx8, cmov, fxsr, ht, mmx, 3dnowpref, sse, sse2, sse3, ssse3, sse4.1, sse4.2, popcnt, lzcnt, tsc, tscinvbit, avx, avx2, aes, erms, clmul, bmi1, bmi2, adx, fma, vzeroupper, clflush, clflushopt, rdtscp, f16c
Processor Information for processor 0
  Max Mhz: 2112, Current Mhz: 1508, Mhz Limit: 1605
Processor Information for processor 1
  Max Mhz: 2112, Current Mhz: 1609, Mhz Limit: 1605
Processor Information for processor 2
  Max Mhz: 2112, Current Mhz: 1609, Mhz Limit: 1605
Processor Information for processor 3
  Max Mhz: 2112, Current Mhz: 1508, Mhz Limit: 1605
Processor Information for processor 4
  Max Mhz: 2112, Current Mhz: 1609, Mhz Limit: 1605
Processor Information for processor 5
  Max Mhz: 2112, Current Mhz: 1508, Mhz Limit: 1605
Processor Information for processor 6
  Max Mhz: 2112, Current Mhz: 1609, Mhz Limit: 1605
Processor Information for processor 7
  Max Mhz: 2112, Current Mhz: 1508, Mhz Limit: 1605

Memory: 4k page, system-wide physical 16206M (8098M free)
TotalPageFile size 24382M (AvailPageFile size 203M)
current process WorkingSet (physical memory assigned to process): 12M, peak: 12M
current process commit charge ("private bytes"): 60M, peak: 314M

vm_info: OpenJDK 64-Bit Server VM (23+37) for windows-amd64 JRE (23+37), built on 2024-09-17T00:00:00Z with MS VC++ 17.7 (VS2022)

END.
